# JRE version: OpenJDK Runtime Environment (8.0_402-b08) (build 1.8.0_402-b08)
# Java VM: OpenJDK 64-Bit Server VM (25.402-b08 mixed mode linux-amd64 compressed oops)
Heap:
 PSYoungGen      total 176640K, used 117522K [0x00000000f0000000, 0x0000000100000000, 0x0000000100000000)
  eden space 114688K, 48% used [0x00000000f0000000,0x00000000f3678580,0x00000000f7000000)
  from space 61952K, 99% used [0x00000000f7000000,0x00000000fac4c4b0,0x00000000fac80000)
  to   space 80896K, 0% used [0x00000000fb100000,0x00000000fb100000,0x0000000100000000)
 ParOldGen       total 524288K, used 83750K [0x00000000d0000000, 0x00000000f0000000, 0x00000000f0000000)
  object space 524288K, 15% used [0x00000000d0000000,0x00000000d51c99d8,0x00000000f0000000)
 Metaspace       used 79989K, capacity 83106K, committed 83328K, reserved 1122304K
  class space    used 10216K, capacity 11085K, committed 11136K, reserved 1048576K
GC Heap History (10 events):
Event: 46.520 GC heap before
{Heap before GC invocations=32 (full 3):
 PSYoungGen      total 205824K, used 196951K [0x00000000f0000000, 0x0000000100000000, 0x0000000100000000)
  eden space 157696K, 100% used [0x00000000f0000000,0x00000000f9a00000,0x00000000f9a00000)
  from space 48128K, 81% used [0x00000000fd100000,0x00000000ff755c88,0x0000000100000000)
  to   space 52224K, 0% used [0x00000000f9a00000,0x00000000f9a00000,0x00000000fcd00000)
 ParOldGen       total 524288K, used 83710K [0x00000000d0000000, 0x00000000f0000000, 0x00000000f0000000)
  object space 524288K, 15% used [0x00000000d0000000,0x00000000d51bf9d8,0x00000000f0000000)
 Metaspace       used 76359K, capacity 78850K, committed 78976K, reserved 1118208K
  class space    used 9622K, capacity 10365K, committed 10368K, reserved 1048576K
Event: 46.537 GC heap after
Heap after GC invocations=32 (full 3):
 PSYoungGen      total 203264K, used 45439K [0x00000000f0000000, 0x0000000100000000, 0x0000000100000000)
  eden space 157696K, 0% used [0x00000000f0000000,0x00000000f0000000,0x00000000f9a00000)
  from space 45568K, 99% used [0x00000000f9a00000,0x00000000fc65ffd0,0x00000000fc680000)
  to   space 58368K, 0% used [0x00000000fc700000,0x00000000fc700000,0x0000000100000000)
 ParOldGen       total 524288K, used 83718K [0x00000000d0000000, 0x00000000f0000000, 0x00000000f0000000)
  object space 524288K, 15% used [0x00000000d0000000,0x00000000d51c19d8,0x00000000f0000000)
 Metaspace       used 76359K, capacity 78850K, committed 78976K, reserved 1118208K
  class space    used 9622K, capacity 10365K, committed 10368K, reserved 1048576K
}
Event: 46.835 GC heap before
{Heap before GC invocations=33 (full 3):
 PSYoungGen      total 203264K, used 203135K [0x00000000f0000000, 0x0000000100000000, 0x0000000100000000)
  eden space 157696K, 100% used [0x00000000f0000000,0x00000000f9a00000,0x00000000f9a00000)
  from space 45568K, 99% used [0x00000000f9a00000,0x00000000fc65ffd0,0x00000000fc680000)
  to   space 58368K, 0% used [0x00000000fc700000,0x00000000fc700000,0x0000000100000000)
 ParOldGen       total 524288K, used 83718K [0x00000000d0000000, 0x00000000f0000000, 0x00000000f0000000)
  object space 524288K, 15% used [0x00000000d0000000,0x00000000d51c19d8,0x00000000f0000000)
 Metaspace       used 77031K, capacity 79666K, committed 79744K, reserved 1118208K
  class space    used 9780K, capacity 10561K, committed 10624K, reserved 1048576K
Event: 46.856 GC heap after
Heap after GC invocations=33 (full 3):
 PSYoungGen      total 193536K, used 47674K [0x00000000f0000000, 0x0000000100000000, 0x0000000100000000)
  eden space 135168K, 0% used [0x00000000f0000000,0x00000000f0000000,0x00000000f8400000)
  from space 58368K, 81% used [0x00000000fc700000,0x00000000ff58e880,0x0000000100000000)
  to   space 63488K, 0% used [0x00000000f8400000,0x00000000f8400000,0x00000000fc200000)
 ParOldGen       total 524288K, used 83726K [0x00000000d0000000, 0x00000000f0000000, 0x00000000f0000000)
  object space 524288K, 15% used [0x00000000d0000000,0x00000000d51c39d8,0x00000000f0000000)
 Metaspace       used 77031K, capacity 79666K, committed 79744K, reserved 1118208K
  class space    used 9780K, capacity 10561K, committed 10624K, reserved 1048576K
}
Event: 47.140 GC heap before
{Heap before GC invocations=34 (full 3):
 PSYoungGen      total 193536K, used 182842K [0x00000000f0000000, 0x0000000100000000, 0x0000000100000000)
  eden space 135168K, 100% used [0x00000000f0000000,0x00000000f8400000,0x00000000f8400000)
  from space 58368K, 81% used [0x00000000fc700000,0x00000000ff58e880,0x0000000100000000)
  to   space 63488K, 0% used [0x00000000f8400000,0x00000000f8400000,0x00000000fc200000)
 ParOldGen       total 524288K, used 83726K [0x00000000d0000000, 0x00000000f0000000, 0x00000000f0000000)
  object space 524288K, 15% used [0x00000000d0000000,0x00000000d51c39d8,0x00000000f0000000)
 Metaspace       used 77441K, capacity 80172K, committed 80384K, reserved 1118208K
  class space    used 9880K, capacity 10686K, committed 10752K, reserved 1048576K
Event: 47.158 GC heap after
Heap after GC invocations=34 (full 3):
 PSYoungGen      total 186368K, used 50870K [0x00000000f0000000, 0x0000000100000000, 0x0000000100000000)
  eden space 135168K, 0% used [0x00000000f0000000,0x00000000f0000000,0x00000000f8400000)
  from space 51200K, 99% used [0x00000000f8400000,0x00000000fb5ad8e0,0x00000000fb600000)
  to   space 68608K, 0% used [0x00000000fbd00000,0x00000000fbd00000,0x0000000100000000)
 ParOldGen       total 524288K, used 83734K [0x00000000d0000000, 0x00000000f0000000, 0x00000000f0000000)
  object space 524288K, 15% used [0x00000000d0000000,0x00000000d51c59d8,0x00000000f0000000)
 Metaspace       used 77441K, capacity 80172K, committed 80384K, reserved 1118208K
  class space    used 9880K, capacity 10686K, committed 10752K, reserved 1048576K
}
Event: 75.746 GC heap before
{Heap before GC invocations=35 (full 3):
 PSYoungGen      total 186368K, used 186038K [0x00000000f0000000, 0x0000000100000000, 0x0000000100000000)
  eden space 135168K, 100% used [0x00000000f0000000,0x00000000f8400000,0x00000000f8400000)
  from space 51200K, 99% used [0x00000000f8400000,0x00000000fb5ad8e0,0x00000000fb600000)
  to   space 68608K, 0% used [0x00000000fbd00000,0x00000000fbd00000,0x0000000100000000)
 ParOldGen       total 524288K, used 83734K [0x00000000d0000000, 0x00000000f0000000, 0x00000000f0000000)
  object space 524288K, 15% used [0x00000000d0000000,0x00000000d51c59d8,0x00000000f0000000)
 Metaspace       used 78101K, capacity 81074K, committed 81280K, reserved 1120256K
  class space    used 10025K, capacity 10876K, committed 10880K, reserved 1048576K
Event: 75.778 GC heap after
Heap after GC invocations=35 (full 3):
 PSYoungGen      total 183296K, used 53185K [0x00000000f0000000, 0x0000000100000000, 0x0000000100000000)
  eden space 114688K, 0% used [0x00000000f0000000,0x00000000f0000000,0x00000000f7000000)
  from space 68608K, 77% used [0x00000000fbd00000,0x00000000ff0f0510,0x0000000100000000)
  to   space 73728K, 0% used [0x00000000f7000000,0x00000000f7000000,0x00000000fb800000)
 ParOldGen       total 524288K, used 83742K [0x00000000d0000000, 0x00000000f0000000, 0x00000000f0000000)
  object space 524288K, 15% used [0x00000000d0000000,0x00000000d51c79d8,0x00000000f0000000)
 Metaspace       used 78101K, capacity 81074K, committed 81280K, reserved 1120256K
  class space    used 10025K, capacity 10876K, committed 10880K, reserved 1048576K
}
Event: 77.088 GC heap before
{Heap before GC invocations=36 (full 3):
 PSYoungGen      total 183296K, used 167873K [0x00000000f0000000, 0x0000000100000000, 0x0000000100000000)
  eden space 114688K, 100% used [0x00000000f0000000,0x00000000f7000000,0x00000000f7000000)
  from space 68608K, 77% used [0x00000000fbd00000,0x00000000ff0f0510,0x0000000100000000)
  to   space 73728K, 0% used [0x00000000f7000000,0x00000000f7000000,0x00000000fb800000)
 ParOldGen       total 524288K, used 83742K [0x00000000d0000000, 0x00000000f0000000, 0x00000000f0000000)
  object space 524288K, 15% used [0x00000000d0000000,0x00000000d51c79d8,0x00000000f0000000)
 Metaspace       used 79505K, capacity 82524K, committed 82816K, reserved 1120256K
  class space    used 10166K, capacity 11034K, committed 11136K, reserved 1048576K
Event: 77.109 GC heap after
Heap after GC invocations=36 (full 3):
 PSYoungGen      total 176640K, used 61745K [0x00000000f0000000, 0x0000000100000000, 0x0000000100000000)
  eden space 114688K, 0% used [0x00000000f0000000,0x00000000f0000000,0x00000000f7000000)
  from space 61952K, 99% used [0x00000000f7000000,0x00000000fac4c4b0,0x00000000fac80000)
  to   space 80896K, 0% used [0x00000000fb100000,0x00000000fb100000,0x0000000100000000)
 ParOldGen       total 524288K, used 83750K [0x00000000d0000000, 0x00000000f0000000, 0x00000000f0000000)
  object space 524288K, 15% used [0x00000000d0000000,0x00000000d51c99d8,0x00000000f0000000)
 Metaspace       used 79505K, capacity 82524K, committed 82816K, reserved 1120256K
  class space    used 10166K, capacity 11034K, committed 11136K, reserved 1048576K
}

